<div class="story">
<h1>About Oracle CB50</h1>
<div class="path">stories/OCOM_HP/AboutOracleCB50.story</div>
<div class="narrative"><h2>Narrative:</h2>
<div class="element inOrderTo"><span class="keyword inOrderTo">In order to</span> know about Oracle</div>
<div class="element asA"><span class="keyword asA">As a</span> user</div>
<div class="element iWantTo"><span class="keyword iWantTo">I want to</span> see 4 featured areas

eta:@skip</div>
</div>
<div class="scenario">
<h2>Scenario: Oracle CB50 - Featured area</h2>
<div class="step successful">Given User on the home page</div>
<div class="step successful">When User navigates to About Oracle</div>
<div class="step successful">Then User must see 4 featured areas</div>
</div>
<div class="scenario">
<h2>Scenario: Oracle CB50 - Featured area Page</h2>
<div class="step successful">Given User on the home page</div>
<div class="step successful">When User see featured area</div>
<div class="step failed">Then User must navigate to the featured page <span class="keyword failed">(FAILED)</span><br/><span class="message failed">java.lang.AssertionError</span></div>
<pre class="failure">java.lang.AssertionError
	at org.junit.Assert.fail(Assert.java:86)
	at org.junit.Assert.assertTrue(Assert.java:41)
	at org.junit.Assert.assertTrue(Assert.java:52)
	at com.webtech.qa.pages.AboutOracleCB50Page.is_expected_page(AboutOracleCB50Page.java:92)
	at com.webtech.qa.pages.AboutOracleCB50Page.click_feature_area(AboutOracleCB50Page.java:69)
	at com.webtech.qa.steps.serenity.AboutOracleCB50Steps.is_expected_page(AboutOracleCB50Steps.java:40)
	at com.webtech.qa.steps.serenity.AboutOracleCB50Steps$$EnhancerByCGLIB$$6b85b041.CGLIB$is_expected_page$3(&lt;generated&gt;)
	at com.webtech.qa.steps.serenity.AboutOracleCB50Steps$$EnhancerByCGLIB$$6b85b041$$FastClassByCGLIB$$df2b8f43.invoke(&lt;generated&gt;)
	at net.sf.cglib.proxy.MethodProxy.invokeSuper(MethodProxy.java:228)
	at net.thucydides.core.steps.StepInterceptor.invokeMethod(StepInterceptor.java:395)
	at net.thucydides.core.steps.StepInterceptor.executeTestStepMethod(StepInterceptor.java:380)
	at net.thucydides.core.steps.StepInterceptor.runTestStep(StepInterceptor.java:355)
	at net.thucydides.core.steps.StepInterceptor.testStepResult(StepInterceptor.java:132)
	at net.thucydides.core.steps.StepInterceptor.intercept(StepInterceptor.java:61)
	at com.webtech.qa.steps.serenity.AboutOracleCB50Steps$$EnhancerByCGLIB$$6b85b041.is_expected_page(&lt;generated&gt;)
	at com.webtech.qa.steps.AboutOracleCB50Definition.Usermustnavigatetothefeaturedpage(AboutOracleCB50Definition.java:41)
	(reflection-invoke)
	at org.jbehave.core.steps.StepCreator$ParametrisedStep.perform(StepCreator.java:733)
	at org.jbehave.core.embedder.PerformableTree$FineSoFar.run(PerformableTree.java:346)
...</pre>
</div>
</div>
