<?xml version="1.0" encoding="UTF-8"?><testsuite errors="0" failures="0" name="CarouselBannerHP10" skipped="0" tests="6" time="394.4" timestamp="2018-01-07T17:02:33.698+05:30[Asia/Calcutta]"><testcase name="Carousel Banner - View each story slide"/><testcase name="Carousel Banner - Stories auto rotate"/><testcase name="Carousel Banner - Navigate through stories using nav arrows"/><testcase name="Carousel Banner - Nav arrows - Hover over state"/><testcase name="Carousel Banner - Place dots - Hover over state"/><testcase name="Carousel Banner - CTA button - Hover over state"/></testsuite>