<?xml version="1.0" encoding="UTF-8"?><testsuite errors="0" failures="0" name="TimelyTilesHP11" skipped="7" tests="7" time="0.01" timestamp="2018-01-07T17:12:03.134+05:30[Asia/Calcutta]"><testcase name="TimelyTilesHP11 -CTA navigating to new page"><skipped/></testcase><testcase name="TimelyTilesHP11 -Carousel Banner - Navigate through stories using nav arrows"><skipped/></testcase><testcase name="TimelyTilesHP11- Carousel Banner - Nav arrows - Hover over state"><skipped/></testcase><testcase name="TimelyTilesHP11 - Carousel Banner - Place dots - Hover over state"><skipped/></testcase><testcase name="TimelyTilesHP11- Timely tiles tabs"><skipped/></testcase><testcase name="TimelyTilesHP11 - Tiles with arrow icon"><skipped/></testcase><testcase name="TimelyTilesHP11 - Tiles with arrow must have CTA button"><skipped/></testcase></testsuite>